# JRE version: OpenJDK Runtime Environment (8.0_242-b01) (build 1.8.0_242-release-1644-b01)
# Java VM: OpenJDK 64-Bit Server VM (25.242-b01 mixed mode windows-amd64 compressed oops)
Heap:
 PSYoungGen      total 439808K, used 336077K [0x00000000d5580000, 0x00000000f5a80000, 0x0000000100000000)
  eden space 371200K, 83% used [0x00000000d5580000,0x00000000e855b450,0x00000000ec000000)
  from space 68608K, 36% used [0x00000000ec000000,0x00000000ed858178,0x00000000f0300000)
  to   space 65024K, 0% used [0x00000000f1b00000,0x00000000f1b00000,0x00000000f5a80000)
 ParOldGen       total 209920K, used 66843K [0x0000000080000000, 0x000000008cd00000, 0x00000000d5580000)
  object space 209920K, 31% used [0x0000000080000000,0x0000000084146e08,0x000000008cd00000)
 Metaspace       used 99489K, capacity 104390K, committed 105000K, reserved 1140736K
  class space    used 12760K, capacity 13707K, committed 13872K, reserved 1048576K
GC Heap History (10 events):
Event: 41.552 GC heap before
{Heap before GC invocations=25 (full 3):
 PSYoungGen      total 358400K, used 358383K [0x00000000d5580000, 0x00000000f2400000, 0x0000000100000000)
  eden space 301568K, 100% used [0x00000000d5580000,0x00000000e7c00000,0x00000000e7c00000)
  from space 56832K, 99% used [0x00000000e7c00000,0x00000000eb37bcf8,0x00000000eb380000)
  to   space 66048K, 0% used [0x00000000ee380000,0x00000000ee380000,0x00000000f2400000)
 ParOldGen       total 131072K, used 64266K [0x0000000080000000, 0x0000000088000000, 0x00000000d5580000)
  object space 131072K, 49% used [0x0000000080000000,0x0000000083ec2a40,0x0000000088000000)
 Metaspace       used 90771K, capacity 96052K, committed 96168K, reserved 1132544K
  class space    used 12000K, capacity 12956K, committed 12976K, reserved 1048576K
Event: 41.621 GC heap after
Heap after GC invocations=25 (full 3):
 PSYoungGen      total 400896K, used 55745K [0x00000000d5580000, 0x00000000f3080000, 0x0000000100000000)
  eden space 334848K, 0% used [0x00000000d5580000,0x00000000d5580000,0x00000000e9c80000)
  from space 66048K, 84% used [0x00000000ee380000,0x00000000f19f07a8,0x00000000f2400000)
  to   space 72704K, 0% used [0x00000000e9c80000,0x00000000e9c80000,0x00000000ee380000)
 ParOldGen       total 131072K, used 80803K [0x0000000080000000, 0x0000000088000000, 0x00000000d5580000)
  object space 131072K, 61% used [0x0000000080000000,0x0000000084ee8e10,0x0000000088000000)
 Metaspace       used 90771K, capacity 96052K, committed 96168K, reserved 1132544K
  class space    used 12000K, capacity 12956K, committed 12976K, reserved 1048576K
}
Event: 46.614 GC heap before
{Heap before GC invocations=26 (full 3):
 PSYoungGen      total 400896K, used 260543K [0x00000000d5580000, 0x00000000f3080000, 0x0000000100000000)
  eden space 334848K, 61% used [0x00000000d5580000,0x00000000e1d7f580,0x00000000e9c80000)
  from space 66048K, 84% used [0x00000000ee380000,0x00000000f19f07a8,0x00000000f2400000)
  to   space 72704K, 0% used [0x00000000e9c80000,0x00000000e9c80000,0x00000000ee380000)
 ParOldGen       total 131072K, used 80803K [0x0000000080000000, 0x0000000088000000, 0x00000000d5580000)
  object space 131072K, 61% used [0x0000000080000000,0x0000000084ee8e10,0x0000000088000000)
 Metaspace       used 93227K, capacity 98538K, committed 98600K, reserved 1134592K
  class space    used 12388K, capacity 13321K, committed 13360K, reserved 1048576K
Event: 46.637 GC heap after
Heap after GC invocations=26 (full 3):
 PSYoungGen      total 407552K, used 19244K [0x00000000d5580000, 0x00000000f4a80000, 0x0000000100000000)
  eden space 334848K, 0% used [0x00000000d5580000,0x00000000d5580000,0x00000000e9c80000)
  from space 72704K, 26% used [0x00000000e9c80000,0x00000000eaf4b1b8,0x00000000ee380000)
  to   space 70144K, 0% used [0x00000000f0600000,0x00000000f0600000,0x00000000f4a80000)
 ParOldGen       total 131072K, used 80811K [0x0000000080000000, 0x0000000088000000, 0x00000000d5580000)
  object space 131072K, 61% used [0x0000000080000000,0x0000000084eeae10,0x0000000088000000)
 Metaspace       used 93227K, capacity 98538K, committed 98600K, reserved 1134592K
  class space    used 12388K, capacity 13321K, committed 13360K, reserved 1048576K
}
Event: 46.638 GC heap before
{Heap before GC invocations=27 (full 4):
 PSYoungGen      total 407552K, used 19244K [0x00000000d5580000, 0x00000000f4a80000, 0x0000000100000000)
  eden space 334848K, 0% used [0x00000000d5580000,0x00000000d5580000,0x00000000e9c80000)
  from space 72704K, 26% used [0x00000000e9c80000,0x00000000eaf4b1b8,0x00000000ee380000)
  to   space 70144K, 0% used [0x00000000f0600000,0x00000000f0600000,0x00000000f4a80000)
 ParOldGen       total 131072K, used 80811K [0x0000000080000000, 0x0000000088000000, 0x00000000d5580000)
  object space 131072K, 61% used [0x0000000080000000,0x0000000084eeae10,0x0000000088000000)
 Metaspace       used 93227K, capacity 98538K, committed 98600K, reserved 1134592K
  class space    used 12388K, capacity 13321K, committed 13360K, reserved 1048576K
Event: 46.886 GC heap after
Heap after GC invocations=27 (full 4):
 PSYoungGen      total 407552K, used 0K [0x00000000d5580000, 0x00000000f4a80000, 0x0000000100000000)
  eden space 334848K, 0% used [0x00000000d5580000,0x00000000d5580000,0x00000000e9c80000)
  from space 72704K, 0% used [0x00000000e9c80000,0x00000000e9c80000,0x00000000ee380000)
  to   space 70144K, 0% used [0x00000000f0600000,0x00000000f0600000,0x00000000f4a80000)
 ParOldGen       total 209920K, used 66827K [0x0000000080000000, 0x000000008cd00000, 0x00000000d5580000)
  object space 209920K, 31% used [0x0000000080000000,0x0000000084142e08,0x000000008cd00000)
 Metaspace       used 92625K, capacity 96798K, committed 98600K, reserved 1134592K
  class space    used 12189K, capacity 12969K, committed 13360K, reserved 1048576K
}
Event: 378.080 GC heap before
{Heap before GC invocations=28 (full 4):
 PSYoungGen      total 407552K, used 334848K [0x00000000d5580000, 0x00000000f4a80000, 0x0000000100000000)
  eden space 334848K, 100% used [0x00000000d5580000,0x00000000e9c80000,0x00000000e9c80000)
  from space 72704K, 0% used [0x00000000e9c80000,0x00000000e9c80000,0x00000000ee380000)
  to   space 70144K, 0% used [0x00000000f0600000,0x00000000f0600000,0x00000000f4a80000)
 ParOldGen       total 209920K, used 66827K [0x0000000080000000, 0x000000008cd00000, 0x00000000d5580000)
  object space 209920K, 31% used [0x0000000080000000,0x0000000084142e08,0x000000008cd00000)
 Metaspace       used 98591K, capacity 103384K, committed 104232K, reserved 1140736K
  class space    used 12721K, capacity 13630K, committed 13872K, reserved 1048576K
Event: 378.164 GC heap after
Heap after GC invocations=28 (full 4):
 PSYoungGen      total 436736K, used 12751K [0x00000000d5580000, 0x00000000f4600000, 0x0000000100000000)
  eden space 371200K, 0% used [0x00000000d5580000,0x00000000d5580000,0x00000000ec000000)
  from space 65536K, 19% used [0x00000000f0600000,0x00000000f1273fc8,0x00000000f4600000)
  to   space 68608K, 0% used [0x00000000ec000000,0x00000000ec000000,0x00000000f0300000)
 ParOldGen       total 209920K, used 66835K [0x0000000080000000, 0x000000008cd00000, 0x00000000d5580000)
  object space 209920K, 31% used [0x0000000080000000,0x0000000084144e08,0x000000008cd00000)
 Metaspace       used 98591K, capacity 103384K, committed 104232K, reserved 1140736K
  class space    used 12721K, capacity 13630K, committed 13872K, reserved 1048576K
}
Event: 384.087 GC heap before
{Heap before GC invocations=29 (full 4):
 PSYoungGen      total 436736K, used 383951K [0x00000000d5580000, 0x00000000f4600000, 0x0000000100000000)
  eden space 371200K, 100% used [0x00000000d5580000,0x00000000ec000000,0x00000000ec000000)
  from space 65536K, 19% used [0x00000000f0600000,0x00000000f1273fc8,0x00000000f4600000)
  to   space 68608K, 0% used [0x00000000ec000000,0x00000000ec000000,0x00000000f0300000)
 ParOldGen       total 209920K, used 66835K [0x0000000080000000, 0x000000008cd00000, 0x00000000d5580000)
  object space 209920K, 31% used [0x0000000080000000,0x0000000084144e08,0x000000008cd00000)
 Metaspace       used 99269K, capacity 104142K, committed 104744K, reserved 1140736K
  class space    used 12744K, capacity 13695K, committed 13872K, reserved 1048576K
Event: 384.132 GC heap after
Heap after GC invocations=29 (full 4):
 PSYoungGen      total 439808K, used 24928K [0x00000000d5580000, 0x00000000f5a80000, 0x0000000100000000)
  eden space 371200K, 0% used [0x00000000d5580000,0x00000000d5580000,0x00000000ec000000)
  from space 68608K, 36% used [0x00000000ec000000,0x00000000ed858178,0x00000000f0300000)
  to   space 65024K, 0% used [0x00000000f1b00000,0x00000000f1b00000,0x00000000f5a80000)
 ParOldGen       total 209920K, used 66843K [0x0000000080000000, 0x000000008cd00000, 0x00000000d5580000)
  object space 209920K, 31% used [0x0000000080000000,0x0000000084146e08,0x000000008cd00000)
 Metaspace       used 99269K, capacity 104142K, committed 104744K, reserved 1140736K
  class space    used 12744K, capacity 13695K, committed 13872K, reserved 1048576K
}

